<?xml version="1.0" encoding="UTF-8"?>
<testng-results ignored="0" total="1" passed="1" failed="0" skipped="0">
  <reporter-output>
    <line>
      <![CDATA[clickOnWeatherMenu]]>
    </line>
  </reporter-output>
  <suite started-at="2023-07-28T19:21:46 IST" name="Default suite" finished-at="2023-07-28T19:22:33 IST" duration-ms="47852">
    <groups>
    </groups>
    <test started-at="2023-07-28T19:21:46 IST" name="Default test" finished-at="2023-07-28T19:22:33 IST" duration-ms="47852">
      <class name="weather_Data.TC01WeatherMenu">
        <test-method is-config="true" signature="weatherMenu()[pri:0, instance:weather_Data.TC01WeatherMenu@1de76cc7]" started-at="2023-07-28T19:21:46 IST" name="weatherMenu" finished-at="2023-07-28T19:22:26 IST" duration-ms="40834" status="PASS">
          <reporter-output>
            <line>
              <![CDATA[clickOnWeatherMenu]]>
            </line>
          </reporter-output>
        </test-method> <!-- weatherMenu -->
        <test-method signature="validate_Weather_City_Name()[pri:0, instance:weather_Data.TC01WeatherMenu@1de76cc7]" started-at="2023-07-28T19:22:26 IST" name="validate_Weather_City_Name" finished-at="2023-07-28T19:22:28 IST" duration-ms="1702" status="PASS">
          <reporter-output>
          </reporter-output>
        </test-method> <!-- validate_Weather_City_Name -->
        <test-method is-config="true" signature="browserClosed()[pri:0, instance:weather_Data.TC01WeatherMenu@1de76cc7]" started-at="2023-07-28T19:22:28 IST" name="browserClosed" finished-at="2023-07-28T19:22:33 IST" duration-ms="5249" status="PASS">
          <reporter-output>
          </reporter-output>
        </test-method> <!-- browserClosed -->
      </class> <!-- weather_Data.TC01WeatherMenu -->
    </test> <!-- Default test -->
  </suite> <!-- Default suite -->
</testng-results>
